<?xml version="1.0" encoding="UTF-8"?>
<!-- Generated by org.testng.reporters.JUnitReportReporter -->
<testsuite hostname="RANA" failures="0" tests="1" name="com.patinformed.testscript.HomePageTest" time="8.179" errors="0" timestamp="2025-06-18T21:52:58 IST" skipped="0">
  <testcase classname="com.patinformed.testscript.HomePageTest" name="dateDifferenceinDays" time="8.179"/>
  <system-out>
    <![CDATA[[ Test script execution starts from here. ]
dateDifferenceinDays [ Test script executed successfully. ]]]>
  </system-out>
</testsuite> <!-- com.patinformed.testscript.HomePageTest -->
