<?xml version="1.0" encoding="UTF-8"?>
<!-- Generated by org.testng.reporters.JUnitReportReporter -->
<testsuite hostname="RANA" failures="0" tests="1" name="com.patinformed.testscript.HomePageTest" time="4.537" errors="0" timestamp="2025-06-22T00:14:58 IST" skipped="0">
  <testcase classname="com.patinformed.testscript.HomePageTest" name="searchWithoutInputAndCalculateDateDiff" time="4.537"/>
  <system-out>
    <![CDATA[[ Test script execution starts from here. ]
searchWithoutInputAndCalculateDateDiff [ Test script executed successfully. ]]]>
  </system-out>
</testsuite> <!-- com.patinformed.testscript.HomePageTest -->
