<?xml version="1.0" encoding="UTF-8"?>
<!-- Generated by org.testng.reporters.JUnitReportReporter -->
<testsuite hostname="RANA" failures="0" tests="1" name="com.patinformed.testscript.HomePageTest" time="3.212" errors="0" timestamp="2025-06-21T04:20:24 IST" skipped="0">
  <testcase classname="com.patinformed.testscript.HomePageTest" name="searchWithoutInputAndCalculateDateDiff" time="3.212"/>
  <system-out/>
</testsuite> <!-- com.patinformed.testscript.HomePageTest -->
