<?xml version="1.0" encoding="UTF-8"?>
<!-- Generated by org.testng.reporters.JUnitReportReporter -->
<testsuite hostname="RANA" failures="0" tests="1" name="com.patinformed.testscript.HomePageTestWithInput" time="32.892" errors="0" timestamp="2025-06-21T04:21:22 IST" skipped="0">
  <testcase classname="com.patinformed.testscript.HomePageTestWithInput" name="searchWithInputAndCalculateDateDiff" time="32.892"/>
  <system-out/>
</testsuite> <!-- com.patinformed.testscript.HomePageTestWithInput -->
