<?xml version="1.0" encoding="UTF-8"?>
<!-- Generated by org.testng.reporters.JUnitReportReporter -->
<testsuite hostname="RANA" failures="0" tests="1" name="com.patinformed.testscript.HomePageTestWithInput" time="12.923" errors="0" timestamp="2025-06-22T00:14:58 IST" skipped="0">
  <testcase classname="com.patinformed.testscript.HomePageTestWithInput" name="searchWithInputAndCalculateDateDiff" time="12.923"/>
  <system-out>
    <![CDATA[[ Test script execution starts from here. ]
searchWithInputAndCalculateDateDiff [ Test script executed successfully. ]]]>
  </system-out>
</testsuite> <!-- com.patinformed.testscript.HomePageTestWithInput -->
