<?xml version="1.0" encoding="UTF-8"?>
<!-- Generated by org.testng.reporters.JUnitReportReporter -->
<testsuite hostname="RANA" failures="0" tests="1" name="com.patinformed.testscript.HomePageTestWithInput" time="12.834" errors="0" timestamp="2025-06-21T05:57:59 IST" skipped="0">
  <testcase classname="com.patinformed.testscript.HomePageTestWithInput" name="searchWithInputAndCalculateDateDiff" time="12.834"/>
  <system-out>
    <![CDATA[[ Test script execution starts from here. ]
searchWithInputAndCalculateDateDiff [ Test script executed successfully. ]]]>
  </system-out>
</testsuite> <!-- com.patinformed.testscript.HomePageTestWithInput -->
